<?xml version="1.0" encoding="UTF-8"?>
<!-- Generated by org.testng.reporters.JUnitReportReporter -->
<testsuite hostname="DESKTOP-OJK1NBL" failures="0" tests="1" name="project1.AutomateBasicElements" time="12.067" errors="0" timestamp="2021-09-13T11:18:16 IST" skipped="0">
  <testcase classname="project1.AutomateBasicElements" name="hyperlink" time="12.067"/>
  <system-out/>
</testsuite> <!-- project1.AutomateBasicElements -->
